Lint
===== pep8 =====
checking setup.py
checking SimpleGUICS2Pygame/__init__.py
checking SimpleGUICS2Pygame/codeskulptor.py
checking SimpleGUICS2Pygame/codeskulptor_lib.py
checking SimpleGUICS2Pygame/numeric.py
checking SimpleGUICS2Pygame/simplegui_lib.py
checking SimpleGUICS2Pygame/simplegui_lib_draw.py
checking SimpleGUICS2Pygame/simplegui_lib_fps.py
checking SimpleGUICS2Pygame/simplegui_lib_keys.py
checking SimpleGUICS2Pygame/simplegui_lib_loader.py
checking SimpleGUICS2Pygame/simpleplot.py
checking SimpleGUICS2Pygame/example/Blackjack.py
checking SimpleGUICS2Pygame/example/Frame_example.py
checking SimpleGUICS2Pygame/example/Mandelbrot_Set.py
checking SimpleGUICS2Pygame/example/Memory.py
checking SimpleGUICS2Pygame/example/Nostalgic_Basic_Blitz.py
checking SimpleGUICS2Pygame/example/Pong.py
checking SimpleGUICS2Pygame/example/RiceRocks_Asteroids.py
checking SimpleGUICS2Pygame/example/Spaceship_prototype.py
checking SimpleGUICS2Pygame/example/Stopwatch.py
checking SimpleGUICS2Pygame/example/keys.py
checking SimpleGUICS2Pygame/example/loader.py
checking SimpleGUICS2Pygame/example/presentation.py
checking SimpleGUICS2Pygame/example/stop_example.py
checking SimpleGUICS2Pygame/script/SimpleGUICS2Pygame_check.py
checking SimpleGUICS2Pygame/script/cs2both.py
checking SimpleGUICS2Pygame/script/pygame_check.py
checking SimpleGUICS2Pygame/simpleguics2pygame/__init__.py
checking SimpleGUICS2Pygame/simpleguics2pygame/_arguments.py
checking SimpleGUICS2Pygame/simpleguics2pygame/_colors.py
checking SimpleGUICS2Pygame/simpleguics2pygame/_fonts.py
checking SimpleGUICS2Pygame/simpleguics2pygame/_joypads.py
checking SimpleGUICS2Pygame/simpleguics2pygame/_media.py
checking SimpleGUICS2Pygame/simpleguics2pygame/_pygame_init.py
checking SimpleGUICS2Pygame/simpleguics2pygame/canvas.py
checking SimpleGUICS2Pygame/simpleguics2pygame/control.py
checking SimpleGUICS2Pygame/simpleguics2pygame/frame.py
checking SimpleGUICS2Pygame/simpleguics2pygame/image.py
checking SimpleGUICS2Pygame/simpleguics2pygame/keys.py
checking SimpleGUICS2Pygame/simpleguics2pygame/sound.py
checking SimpleGUICS2Pygame/simpleguics2pygame/timer.py
checking SimpleGUICS2Pygame/test/test_all.py
checking SimpleGUICS2Pygame/test/test_arc.py
checking SimpleGUICS2Pygame/test/test_button_label.py
checking SimpleGUICS2Pygame/test/test_circle.py
checking SimpleGUICS2Pygame/test/test_colors_constants.py
checking SimpleGUICS2Pygame/test/test_colors_html.py
checking SimpleGUICS2Pygame/test/test_colors_html_hsla.py
checking SimpleGUICS2Pygame/test/test_colors_html_rgba.py
checking SimpleGUICS2Pygame/test/test_command_line_options.py
checking SimpleGUICS2Pygame/test/test_dir.py
checking SimpleGUICS2Pygame/test/test_grid.py
checking SimpleGUICS2Pygame/test/test_image.py
checking SimpleGUICS2Pygame/test/test_input.py
checking SimpleGUICS2Pygame/test/test_line.py
checking SimpleGUICS2Pygame/test/test_numeric.py
checking SimpleGUICS2Pygame/test/test_objects.py
checking SimpleGUICS2Pygame/test/test_simpleplot_bars.py
checking SimpleGUICS2Pygame/test/test_simpleplot_lines.py
checking SimpleGUICS2Pygame/test/test_simpleplot_scatter.py
checking SimpleGUICS2Pygame/test/test_sound.py
checking SimpleGUICS2Pygame/test/test_text.py
checking SimpleGUICS2Pygame/example/Stress_Balls/Stress_Balls.py
checking SimpleGUICS2Pygame/example/Stress_Balls/Stress_Balls_results.py

===== pyflakes =====

===== pylint =====
************* Module SimpleGUICS2Pygame.simpleguics2pygame.frame
C:759, 8: Invalid attribute name "_background_pygame_surface_image" (invalid-name)


Report
======
6122 statements analysed.

Statistics by type
------------------

+---------+-------+-----------+-----------+------------+---------+
|type     |number |old number |difference |%documented |%badname |
+=========+=======+===========+===========+============+=========+
|module   |64     |64         |=          |100.00      |12.50    |
+---------+-------+-----------+-----------+------------+---------+
|class    |36     |36         |=          |100.00      |0.00     |
+---------+-------+-----------+-----------+------------+---------+
|method   |266    |266        |=          |100.00      |0.00     |
+---------+-------+-----------+-----------+------------+---------+
|function |198    |198        |=          |100.00      |0.51     |
+---------+-------+-----------+-----------+------------+---------+



External dependencies
---------------------
::

    PIL 
      \-Image (test_all)
      \-ImageChops (test_all)
      \-ImageStat (test_all)
    SimpleGUICS2Pygame (test_objects,test_text,test_image,SimpleGUICS2Pygame_check,SimpleGUICS2Pygame.simpleguics2pygame._arguments,test_colors_html,test_colors_html_rgba,test_grid,test_line,SimpleGUICS2Pygame.simplegui_lib_draw,test_input,test_arc,test_colors_constants,setup,test_all,test_button_label,test_colors_html_hsla,presentation,test_circle)
      \-codeskulptor (SimpleGUICS2Pygame_check,test_dir)
      \-codeskulptor_lib (Memory,RiceRocks_Asteroids,Mandelbrot_Set,SimpleGUICS2Pygame_check,test_colors_html,test_colors_html_rgba,Spaceship_prototype,test_colors_html_hsla)
      \-numeric (SimpleGUICS2Pygame_check,test_dir,test_numeric)
      \-simplegui_lib (SimpleGUICS2Pygame_check)
      \-simplegui_lib_draw (Memory,SimpleGUICS2Pygame_check,test_text,SimpleGUICS2Pygame.simplegui_lib)
      \-simplegui_lib_fps (SimpleGUICS2Pygame_check,RiceRocks_Asteroids,test_image,SimpleGUICS2Pygame.simplegui_lib,Spaceship_prototype)
      \-simplegui_lib_keys (SimpleGUICS2Pygame_check,keys,SimpleGUICS2Pygame.simplegui_lib)
      \-simplegui_lib_loader (loader,RiceRocks_Asteroids,SimpleGUICS2Pygame.simplegui_lib,SimpleGUICS2Pygame_check,Spaceship_prototype,test_image)
      \-simpleguics2pygame (RiceRocks_Asteroids,test_text,SimpleGUICS2Pygame_check,test_dir,test_colors_html_hsla,Mandelbrot_Set,test_grid,Blackjack,test_button_label,test_all,Stress_Balls,Memory,SimpleGUICS2Pygame.simplegui_lib_fps,test_sound,test_colors_html_rgba,Pong,Spaceship_prototype,test_command_line_options,test_arc,SimpleGUICS2Pygame.simplegui_lib_loader,Nostalgic_Basic_Blitz,test_colors_constants,test_circle,SimpleGUICS2Pygame.simplegui_lib_keys,loader,keys,test_objects,stop_example,test_colors_html,Stopwatch,test_line,test_input,presentation,test_image,Frame_example)
      | \-_arguments (SimpleGUICS2Pygame.simpleguics2pygame.frame,SimpleGUICS2Pygame.simpleguics2pygame._media,SimpleGUICS2Pygame.simpleguics2pygame._fonts,SimpleGUICS2Pygame.simpleguics2pygame.sound,SimpleGUICS2Pygame.simpleguics2pygame.timer,SimpleGUICS2Pygame.simpleguics2pygame)
      | \-_colors (SimpleGUICS2Pygame.simpleguics2pygame.frame,SimpleGUICS2Pygame.simpleguics2pygame.control,SimpleGUICS2Pygame.simpleguics2pygame.canvas)
      | \-_fonts (SimpleGUICS2Pygame.simpleguics2pygame.frame,SimpleGUICS2Pygame.simpleguics2pygame.control,SimpleGUICS2Pygame.simpleguics2pygame.canvas)
      | \-_joypads (SimpleGUICS2Pygame.simpleguics2pygame.frame,Pong)
      | \-_media (SimpleGUICS2Pygame.simpleguics2pygame.frame,SimpleGUICS2Pygame.simpleguics2pygame.sound,SimpleGUICS2Pygame.simpleguics2pygame.image)
      | \-_pygame_init (SimpleGUICS2Pygame.simpleguics2pygame.frame,SimpleGUICS2Pygame.simpleguics2pygame._media,SimpleGUICS2Pygame.simpleguics2pygame.image,SimpleGUICS2Pygame.simpleguics2pygame.canvas,SimpleGUICS2Pygame.simpleguics2pygame._fonts,SimpleGUICS2Pygame.simpleguics2pygame._joypads,SimpleGUICS2Pygame.simpleguics2pygame.control,SimpleGUICS2Pygame.simpleguics2pygame._colors)
      | \-canvas (SimpleGUICS2Pygame.simpleguics2pygame.frame)
      | \-control (SimpleGUICS2Pygame.simpleguics2pygame.frame)
      | \-image (SimpleGUICS2Pygame.simpleguics2pygame.frame,SimpleGUICS2Pygame.simpleguics2pygame.canvas)
      | \-keys (SimpleGUICS2Pygame.simpleguics2pygame.frame)
      | \-timer (SimpleGUICS2Pygame.simpleguics2pygame.frame)
      \-simpleplot (test_simpleplot_lines,test_simpleplot_scatter,SimpleGUICS2Pygame_check,test_dir,test_simpleplot_bars,Stress_Balls,Stress_Balls_results)
    audioread (SimpleGUICS2Pygame_check,SimpleGUICS2Pygame.simpleguics2pygame._media)
    matplotlib (SimpleGUICS2Pygame_check,SimpleGUICS2Pygame.simpleplot)
      \-pyplot (SimpleGUICS2Pygame.simpleplot)
    pygame (SimpleGUICS2Pygame.simpleguics2pygame.frame,SimpleGUICS2Pygame.simpleguics2pygame._media,SimpleGUICS2Pygame.simpleguics2pygame._pygame_init,SimpleGUICS2Pygame.simpleguics2pygame._fonts,SimpleGUICS2Pygame_check,SimpleGUICS2Pygame.simpleguics2pygame.canvas,SimpleGUICS2Pygame.simpleguics2pygame._joypads,pygame_check,SimpleGUICS2Pygame.simpleguics2pygame.control,SimpleGUICS2Pygame.simpleguics2pygame._colors)
      \-font (SimpleGUICS2Pygame.simpleguics2pygame._pygame_init)
      \-joystick (SimpleGUICS2Pygame.simpleguics2pygame._joypads)
      \-mixer (SimpleGUICS2Pygame.simpleguics2pygame._pygame_init)
      \-transform (SimpleGUICS2Pygame.simpleguics2pygame._pygame_init)
      \-version (test_text,SimpleGUICS2Pygame.simpleguics2pygame._pygame_init,test_colors_html,test_grid,test_colors_html_rgba,test_line,test_input,test_arc,test_button_label,test_colors_html_hsla,test_colors_constants,test_image,test_circle)
    setuptools (setup)



Raw metrics
-----------

+----------+-------+------+---------+-----------+
|type      |number |%     |previous |difference |
+==========+=======+======+=========+===========+
|code      |8019   |47.73 |8019     |=          |
+----------+-------+------+---------+-----------+
|docstring |5098   |30.35 |5098     |=          |
+----------+-------+------+---------+-----------+
|comment   |770    |4.58  |770      |=          |
+----------+-------+------+---------+-----------+
|empty     |2913   |17.34 |2913     |=          |
+----------+-------+------+---------+-----------+



Duplication
-----------

+-------------------------+-------+---------+-----------+
|                         |now    |previous |difference |
+=========================+=======+=========+===========+
|nb duplicated lines      |1879   |1879     |=          |
+-------------------------+-------+---------+-----------+
|percent duplicated lines |11.298 |11.298   |=          |
+-------------------------+-------+---------+-----------+



Messages by category
--------------------

+-----------+-------+---------+-----------+
|type       |number |previous |difference |
+===========+=======+=========+===========+
|convention |1      |1        |=          |
+-----------+-------+---------+-----------+
|refactor   |0      |0        |=          |
+-----------+-------+---------+-----------+
|warning    |0      |0        |=          |
+-----------+-------+---------+-----------+
|error      |0      |0        |=          |
+-----------+-------+---------+-----------+



% errors / warnings by module
-----------------------------

+---------------------------------------------+------+--------+---------+-----------+
|module                                       |error |warning |refactor |convention |
+=============================================+======+========+=========+===========+
|SimpleGUICS2Pygame.simpleguics2pygame.canvas |0.00  |0.00    |0.00     |100.00     |
+---------------------------------------------+------+--------+---------+-----------+



Messages
--------

+-------------+------------+
|message id   |occurrences |
+=============+============+
|invalid-name |1           |
+-------------+------------+



Global evaluation
-----------------
Your code has been rated at 10.00/10 (previous run: 10.00/10, +0.00)


===== pytype --tree =====
Computing dependencies
Source tree:
+ test_simpleplot_bars.py
      SimpleGUICS2Pygame/simpleplot.py
        :: matplotlib/pyplot.py
        :: matplotlib/__init__.py
+ test_grid.py
      SimpleGUICS2Pygame/simpleguics2pygame/__init__.py
          SimpleGUICS2Pygame/simpleguics2pygame/frame.py
              SimpleGUICS2Pygame/simpleguics2pygame/_media.py
                :: pygame/__init__.py
                  __init__.pyi
                :: audioread/__init__.py
                  contextlib.pyi
                  SimpleGUICS2Pygame/simpleguics2pygame/_pygame_init.py
                    :: pygame/version.py
                  SimpleGUICS2Pygame/simpleguics2pygame/_arguments.py
                      SimpleGUICS2Pygame/__init__.py
              SimpleGUICS2Pygame/simpleguics2pygame/_joypads.py
              SimpleGUICS2Pygame/simpleguics2pygame/keys.py
              SimpleGUICS2Pygame/simpleguics2pygame/_fonts.py
              SimpleGUICS2Pygame/simpleguics2pygame/image.py
              SimpleGUICS2Pygame/simpleguics2pygame/timer.py
              SimpleGUICS2Pygame/simpleguics2pygame/control.py
                  SimpleGUICS2Pygame/simpleguics2pygame/_colors.py
            + SimpleGUICS2Pygame/simpleguics2pygame/canvas.py
        + SimpleGUICS2Pygame/simpleguics2pygame/sound.py
+ test_colors_html_hsla.py
      SimpleGUICS2Pygame/codeskulptor_lib.py
+ presentation.py
+ test_simpleplot_scatter.py
+ Mandelbrot_Set.py
+ test_button_label.py
+ test_dir.py
    + SimpleGUICS2Pygame/codeskulptor.py
      SimpleGUICS2Pygame/numeric.py
+ test_numeric.py
+ test_arc.py
+ test_colors_html.py
+ Stress_Balls.py
+ test_objects.py
+ Memory.py
      random.pyi
    + SimpleGUICS2Pygame/simplegui_lib_draw.py
+ test_line.py
+ test_input.py
+ Stopwatch.py
+ cs2both.py
+ loader.py
      SimpleGUICS2Pygame/simplegui_lib_loader.py
+ Stress_Balls_results.py
+ test_colors_constants.py
+ test_all.py
    :: PIL/ImageChops.py
      __init__.pyi
    :: PIL/ImageStat.py
    :: PIL/Image.py
      glob.pyi
+ SimpleGUICS2Pygame_check.py
      SimpleGUICS2Pygame/simplegui_lib.py
        + SimpleGUICS2Pygame/simplegui_lib_fps.py
        + SimpleGUICS2Pygame/simplegui_lib_keys.py
+ test_simpleplot_lines.py
+ RiceRocks_Asteroids.py
+ Blackjack.py
+ test_circle.py
+ setup.py
    :: setuptools/__init__.py
+ Spaceship_prototype.py
+ test_command_line_options.py
+ pygame_check.py
+ Pong.py
+ keys.py
+ stop_example.py
+ Nostalgic_Basic_Blitz.py
+ Frame_example.py
+ test_image.py
+ test_colors_html_rgba.py
+ test_text.py
+ test_sound.py
===== pytype --unresolved =====
Computing dependencies
Unresolved dependencies:
  codeskulptor
  codeskulptor.file2url
  codeskulptor.set_timeout
  numeric
  simplegui
  simplegui.KEY_MAP
  simplegui.create_timer
  simplegui.load_image
  simplegui.load_sound
  simpleguitk
  simplemap
  simpleplot
  urllib2.urlopen
  urlparse.urlsplit
  user30_VE5zdyz5OZwgen9.Keys
  user33_Bhc7VzXKbXGVQV1.FPS
  user38_ZmhOVHGm2lhVRhk.assert_position
  user38_ZmhOVHGm2lhVRhk.codeskulptor_is
  user38_ZmhOVHGm2lhVRhk.hex2
  user38_ZmhOVHGm2lhVRhk.hex_fig
  user38_ZmhOVHGm2lhVRhk.hsla
  user38_ZmhOVHGm2lhVRhk.rgba
  user40_AeChfAkzlcqs3wG.draw_rect
  user40_AeChfAkzlcqs3wG.draw_text_multi
  user40_AeChfAkzlcqs3wG.draw_text_side
  user40_nMs7JxzimyImAv2.Loader
===== pytype =====
ninja: Entering directory `/home/opi/data/git/current/simpleguics2pygame/.pytype'
[1/40] check test_sound
FAILED: /home/opi/data/git/current/simpleguics2pygame/.pytype/pyi/test_sound.pyi 
/usr/bin/python3 -m pytype.single --imports_info /home/opi/data/git/current/simpleguics2pygame/.pytype/imports/test_sound.imports --module-name test_sound -V 3.5 -o /home/opi/data/git/current/simpleguics2pygame/.pytype/pyi/test_sound.pyi --analyze-annotated --nofail --quick /home/opi/data/git/current/simpleguics2pygame/SimpleGUICS2Pygame/test/test_sound.py
File "/home/opi/data/git/current/simpleguics2pygame/SimpleGUICS2Pygame/test/test_sound.py", line 16, in <module>: Can't find module 'simplegui'. [import-error]
File "/home/opi/data/git/current/simpleguics2pygame/SimpleGUICS2Pygame/test/test_sound.py", line 50, in load_local: No attribute '_load_local_sound' on module 'SimpleGUICS2Pygame.simpleguics2pygame' [module-attr]

For more details, see https://google.github.io/pytype/errors.html.
[2/40] check SimpleGUICS2Pygame.simplegui_lib_loader
FAILED: /home/opi/data/git/current/simpleguics2pygame/.pytype/pyi/SimpleGUICS2Pygame/simplegui_lib_loader.pyi 
/usr/bin/python3 -m pytype.single --imports_info /home/opi/data/git/current/simpleguics2pygame/.pytype/imports/SimpleGUICS2Pygame.simplegui_lib_loader.imports --module-name SimpleGUICS2Pygame.simplegui_lib_loader -V 3.5 -o /home/opi/data/git/current/simpleguics2pygame/.pytype/pyi/SimpleGUICS2Pygame/simplegui_lib_loader.pyi --analyze-annotated --nofail --quick /home/opi/data/git/current/simpleguics2pygame/SimpleGUICS2Pygame/simplegui_lib_loader.py
File "/home/opi/data/git/current/simpleguics2pygame/SimpleGUICS2Pygame/simplegui_lib_loader.py", line 293, in load: Can't find module 'simplegui'. [import-error]
File "/home/opi/data/git/current/simpleguics2pygame/SimpleGUICS2Pygame/simplegui_lib_loader.py", line 381, in wait_loaded: Can't find module 'simplegui'. [import-error]

For more details, see https://google.github.io/pytype/errors.html#import-error.
[3/40] check SimpleGUICS2Pygame.codeskulptor_lib
FAILED: /home/opi/data/git/current/simpleguics2pygame/.pytype/pyi/SimpleGUICS2Pygame/codeskulptor_lib.pyi 
/usr/bin/python3 -m pytype.single --imports_info /home/opi/data/git/current/simpleguics2pygame/.pytype/imports/SimpleGUICS2Pygame.codeskulptor_lib.imports --module-name SimpleGUICS2Pygame.codeskulptor_lib -V 3.5 -o /home/opi/data/git/current/simpleguics2pygame/.pytype/pyi/SimpleGUICS2Pygame/codeskulptor_lib.pyi --analyze-annotated --nofail --quick /home/opi/data/git/current/simpleguics2pygame/SimpleGUICS2Pygame/codeskulptor_lib.py
File "/home/opi/data/git/current/simpleguics2pygame/SimpleGUICS2Pygame/codeskulptor_lib.py", line 84, in codeskulptor_is: Can't find module 'codeskulptor'. [import-error]
File "/home/opi/data/git/current/simpleguics2pygame/SimpleGUICS2Pygame/codeskulptor_lib.py", line 85, in codeskulptor_is: Can't find module 'simplegui'. [import-error]
File "/home/opi/data/git/current/simpleguics2pygame/SimpleGUICS2Pygame/codeskulptor_lib.py", line 109, in codeskulptor_version: Can't find module 'urllib2'. [import-error]

For more details, see https://google.github.io/pytype/errors.html#import-error.
[4/40] check SimpleGUICS2Pygame.simplegui_lib_fps
FAILED: /home/opi/data/git/current/simpleguics2pygame/.pytype/pyi/SimpleGUICS2Pygame/simplegui_lib_fps.pyi 
/usr/bin/python3 -m pytype.single --imports_info /home/opi/data/git/current/simpleguics2pygame/.pytype/imports/SimpleGUICS2Pygame.simplegui_lib_fps.imports --module-name SimpleGUICS2Pygame.simplegui_lib_fps -V 3.5 -o /home/opi/data/git/current/simpleguics2pygame/.pytype/pyi/SimpleGUICS2Pygame/simplegui_lib_fps.pyi --analyze-annotated --nofail --quick /home/opi/data/git/current/simpleguics2pygame/SimpleGUICS2Pygame/simplegui_lib_fps.py
File "/home/opi/data/git/current/simpleguics2pygame/SimpleGUICS2Pygame/simplegui_lib_fps.py", line 98, in start: Can't find module 'simplegui'. [import-error]

For more details, see https://google.github.io/pytype/errors.html#import-error.
[5/40] check Pong
FAILED: /home/opi/data/git/current/simpleguics2pygame/.pytype/pyi/Pong.pyi 
/usr/bin/python3 -m pytype.single --imports_info /home/opi/data/git/current/simpleguics2pygame/.pytype/imports/Pong.imports --module-name Pong -V 3.5 -o /home/opi/data/git/current/simpleguics2pygame/.pytype/pyi/Pong.pyi --analyze-annotated --nofail --quick /home/opi/data/git/current/simpleguics2pygame/SimpleGUICS2Pygame/example/Pong.py
File "/home/opi/data/git/current/simpleguics2pygame/SimpleGUICS2Pygame/example/Pong.py", line 22, in <module>: Can't find module 'simplegui'. [import-error]

For more details, see https://google.github.io/pytype/errors.html#import-error.
[6/40] check test_line
FAILED: /home/opi/data/git/current/simpleguics2pygame/.pytype/pyi/test_line.pyi 
/usr/bin/python3 -m pytype.single --imports_info /home/opi/data/git/current/simpleguics2pygame/.pytype/imports/test_line.imports --module-name test_line -V 3.5 -o /home/opi/data/git/current/simpleguics2pygame/.pytype/pyi/test_line.pyi --analyze-annotated --nofail --quick /home/opi/data/git/current/simpleguics2pygame/SimpleGUICS2Pygame/test/test_line.py
File "/home/opi/data/git/current/simpleguics2pygame/SimpleGUICS2Pygame/test/test_line.py", line 16, in <module>: Can't find module 'simplegui'. [import-error]

For more details, see https://google.github.io/pytype/errors.html#import-error.
[7/40] check test_button_label
FAILED: /home/opi/data/git/current/simpleguics2pygame/.pytype/pyi/test_button_label.pyi 
/usr/bin/python3 -m pytype.single --imports_info /home/opi/data/git/current/simpleguics2pygame/.pytype/imports/test_button_label.imports --module-name test_button_label -V 3.5 -o /home/opi/data/git/current/simpleguics2pygame/.pytype/pyi/test_button_label.pyi --analyze-annotated --nofail --quick /home/opi/data/git/current/simpleguics2pygame/SimpleGUICS2Pygame/test/test_button_label.py
File "/home/opi/data/git/current/simpleguics2pygame/SimpleGUICS2Pygame/test/test_button_label.py", line 17, in <module>: Can't find module 'simplegui'. [import-error]

For more details, see https://google.github.io/pytype/errors.html#import-error.
[8/40] check test_colors_constants
FAILED: /home/opi/data/git/current/simpleguics2pygame/.pytype/pyi/test_colors_constants.pyi 
/usr/bin/python3 -m pytype.single --imports_info /home/opi/data/git/current/simpleguics2pygame/.pytype/imports/test_colors_constants.imports --module-name test_colors_constants -V 3.5 -o /home/opi/data/git/current/simpleguics2pygame/.pytype/pyi/test_colors_constants.pyi --analyze-annotated --nofail --quick /home/opi/data/git/current/simpleguics2pygame/SimpleGUICS2Pygame/test/test_colors_constants.py
File "/home/opi/data/git/current/simpleguics2pygame/SimpleGUICS2Pygame/test/test_colors_constants.py", line 16, in <module>: Can't find module 'simplegui'. [import-error]

For more details, see https://google.github.io/pytype/errors.html#import-error.
[9/40] check test_grid
FAILED: /home/opi/data/git/current/simpleguics2pygame/.pytype/pyi/test_grid.pyi 
/usr/bin/python3 -m pytype.single --imports_info /home/opi/data/git/current/simpleguics2pygame/.pytype/imports/test_grid.imports --module-name test_grid -V 3.5 -o /home/opi/data/git/current/simpleguics2pygame/.pytype/pyi/test_grid.pyi --analyze-annotated --nofail --quick /home/opi/data/git/current/simpleguics2pygame/SimpleGUICS2Pygame/test/test_grid.py
File "/home/opi/data/git/current/simpleguics2pygame/SimpleGUICS2Pygame/test/test_grid.py", line 16, in <module>: Can't find module 'simplegui'. [import-error]

For more details, see https://google.github.io/pytype/errors.html#import-error.
[10/40] check test_simpleplot_bars
FAILED: /home/opi/data/git/current/simpleguics2pygame/.pytype/pyi/test_simpleplot_bars.pyi 
/usr/bin/python3 -m pytype.single --imports_info /home/opi/data/git/current/simpleguics2pygame/.pytype/imports/test_simpleplot_bars.imports --module-name test_simpleplot_bars -V 3.5 -o /home/opi/data/git/current/simpleguics2pygame/.pytype/pyi/test_simpleplot_bars.pyi --analyze-annotated --nofail --quick /home/opi/data/git/current/simpleguics2pygame/SimpleGUICS2Pygame/test/test_simpleplot_bars.py
File "/home/opi/data/git/current/simpleguics2pygame/SimpleGUICS2Pygame/test/test_simpleplot_bars.py", line 16, in <module>: Can't find module 'codeskulptor'. [import-error]
File "/home/opi/data/git/current/simpleguics2pygame/SimpleGUICS2Pygame/test/test_simpleplot_bars.py", line 17, in <module>: Can't find module 'simpleplot'. [import-error]

For more details, see https://google.github.io/pytype/errors.html#import-error.
[11/40] check test_text
FAILED: /home/opi/data/git/current/simpleguics2pygame/.pytype/pyi/test_text.pyi 
/usr/bin/python3 -m pytype.single --imports_info /home/opi/data/git/current/simpleguics2pygame/.pytype/imports/test_text.imports --module-name test_text -V 3.5 -o /home/opi/data/git/current/simpleguics2pygame/.pytype/pyi/test_text.pyi --analyze-annotated --nofail --quick /home/opi/data/git/current/simpleguics2pygame/SimpleGUICS2Pygame/test/test_text.py
File "/home/opi/data/git/current/simpleguics2pygame/SimpleGUICS2Pygame/test/test_text.py", line 16, in <module>: Can't find module 'user40_AeChfAkzlcqs3wG'. [import-error]
File "/home/opi/data/git/current/simpleguics2pygame/SimpleGUICS2Pygame/test/test_text.py", line 18, in <module>: Can't find module 'simplegui'. [import-error]

For more details, see https://google.github.io/pytype/errors.html#import-error.
[12/40] check stop_example
FAILED: /home/opi/data/git/current/simpleguics2pygame/.pytype/pyi/stop_example.pyi 
/usr/bin/python3 -m pytype.single --imports_info /home/opi/data/git/current/simpleguics2pygame/.pytype/imports/stop_example.imports --module-name stop_example -V 3.5 -o /home/opi/data/git/current/simpleguics2pygame/.pytype/pyi/stop_example.pyi --analyze-annotated --nofail --quick /home/opi/data/git/current/simpleguics2pygame/SimpleGUICS2Pygame/example/stop_example.py
File "/home/opi/data/git/current/simpleguics2pygame/SimpleGUICS2Pygame/example/stop_example.py", line 16, in <module>: Can't find module 'simplegui'. [import-error]

For more details, see https://google.github.io/pytype/errors.html#import-error.
[13/40] check test_simpleplot_lines
FAILED: /home/opi/data/git/current/simpleguics2pygame/.pytype/pyi/test_simpleplot_lines.pyi 
/usr/bin/python3 -m pytype.single --imports_info /home/opi/data/git/current/simpleguics2pygame/.pytype/imports/test_simpleplot_lines.imports --module-name test_simpleplot_lines -V 3.5 -o /home/opi/data/git/current/simpleguics2pygame/.pytype/pyi/test_simpleplot_lines.pyi --analyze-annotated --nofail --quick /home/opi/data/git/current/simpleguics2pygame/SimpleGUICS2Pygame/test/test_simpleplot_lines.py
File "/home/opi/data/git/current/simpleguics2pygame/SimpleGUICS2Pygame/test/test_simpleplot_lines.py", line 16, in <module>: Can't find module 'codeskulptor'. [import-error]
File "/home/opi/data/git/current/simpleguics2pygame/SimpleGUICS2Pygame/test/test_simpleplot_lines.py", line 17, in <module>: Can't find module 'simpleplot'. [import-error]

For more details, see https://google.github.io/pytype/errors.html#import-error.
[14/40] check test_objects
FAILED: /home/opi/data/git/current/simpleguics2pygame/.pytype/pyi/test_objects.pyi 
/usr/bin/python3 -m pytype.single --imports_info /home/opi/data/git/current/simpleguics2pygame/.pytype/imports/test_objects.imports --module-name test_objects -V 3.5 -o /home/opi/data/git/current/simpleguics2pygame/.pytype/pyi/test_objects.pyi --analyze-annotated --nofail --quick /home/opi/data/git/current/simpleguics2pygame/SimpleGUICS2Pygame/test/test_objects.py
File "/home/opi/data/git/current/simpleguics2pygame/SimpleGUICS2Pygame/test/test_objects.py", line 16, in <module>: Can't find module 'simplegui'. [import-error]
File "/home/opi/data/git/current/simpleguics2pygame/SimpleGUICS2Pygame/test/test_objects.py", line 30, in <module>: Can't find module 'SimpleGUICS2Pygame.simpleguics2pygame._PYGAME_VERSION'. [import-error]

For more details, see https://google.github.io/pytype/errors.html#import-error.
[15/40] check Frame_example
FAILED: /home/opi/data/git/current/simpleguics2pygame/.pytype/pyi/Frame_example.pyi 
/usr/bin/python3 -m pytype.single --imports_info /home/opi/data/git/current/simpleguics2pygame/.pytype/imports/Frame_example.imports --module-name Frame_example -V 3.5 -o /home/opi/data/git/current/simpleguics2pygame/.pytype/pyi/Frame_example.pyi --analyze-annotated --nofail --quick /home/opi/data/git/current/simpleguics2pygame/SimpleGUICS2Pygame/example/Frame_example.py
File "/home/opi/data/git/current/simpleguics2pygame/SimpleGUICS2Pygame/example/Frame_example.py", line 17, in <module>: Can't find module 'simplegui'. [import-error]

For more details, see https://google.github.io/pytype/errors.html#import-error.
[16/40] check test_dir
FAILED: /home/opi/data/git/current/simpleguics2pygame/.pytype/pyi/test_dir.pyi 
/usr/bin/python3 -m pytype.single --imports_info /home/opi/data/git/current/simpleguics2pygame/.pytype/imports/test_dir.imports --module-name test_dir -V 3.5 -o /home/opi/data/git/current/simpleguics2pygame/.pytype/pyi/test_dir.pyi --analyze-annotated --nofail --quick /home/opi/data/git/current/simpleguics2pygame/SimpleGUICS2Pygame/test/test_dir.py
File "/home/opi/data/git/current/simpleguics2pygame/SimpleGUICS2Pygame/test/test_dir.py", line 18, in <module>: Can't find module 'simplegui'. [import-error]
File "/home/opi/data/git/current/simpleguics2pygame/SimpleGUICS2Pygame/test/test_dir.py", line 19, in <module>: Can't find module 'codeskulptor'. [import-error]
File "/home/opi/data/git/current/simpleguics2pygame/SimpleGUICS2Pygame/test/test_dir.py", line 20, in <module>: Can't find module 'numeric'. [import-error]
File "/home/opi/data/git/current/simpleguics2pygame/SimpleGUICS2Pygame/test/test_dir.py", line 21, in <module>: Can't find module 'simplemap'. [import-error]
File "/home/opi/data/git/current/simpleguics2pygame/SimpleGUICS2Pygame/test/test_dir.py", line 22, in <module>: Can't find module 'simpleplot'. [import-error]

For more details, see https://google.github.io/pytype/errors.html#import-error.
[17/40] check SimpleGUICS2Pygame.simplegui_lib_keys
FAILED: /home/opi/data/git/current/simpleguics2pygame/.pytype/pyi/SimpleGUICS2Pygame/simplegui_lib_keys.pyi 
/usr/bin/python3 -m pytype.single --imports_info /home/opi/data/git/current/simpleguics2pygame/.pytype/imports/SimpleGUICS2Pygame.simplegui_lib_keys.imports --module-name SimpleGUICS2Pygame.simplegui_lib_keys -V 3.5 -o /home/opi/data/git/current/simpleguics2pygame/.pytype/pyi/SimpleGUICS2Pygame/simplegui_lib_keys.pyi --analyze-annotated --nofail --quick /home/opi/data/git/current/simpleguics2pygame/SimpleGUICS2Pygame/simplegui_lib_keys.py
File "/home/opi/data/git/current/simpleguics2pygame/SimpleGUICS2Pygame/simplegui_lib_keys.py", line 21, in <module>: Can't find module 'simplegui'. [import-error]
File "/home/opi/data/git/current/simpleguics2pygame/SimpleGUICS2Pygame/simplegui_lib_keys.py", line 68, in __init__: No attribute '_keydown_fct' on Keys [attribute-error]
File "/home/opi/data/git/current/simpleguics2pygame/SimpleGUICS2Pygame/simplegui_lib_keys.py", line 69, in __init__: No attribute '_keyup_fct' on Keys [attribute-error]

For more details, see https://google.github.io/pytype/errors.html.
[18/40] check test_all
FAILED: /home/opi/data/git/current/simpleguics2pygame/.pytype/pyi/test_all.pyi 
/usr/bin/python3 -m pytype.single --imports_info /home/opi/data/git/current/simpleguics2pygame/.pytype/imports/test_all.imports --module-name test_all -V 3.5 -o /home/opi/data/git/current/simpleguics2pygame/.pytype/pyi/test_all.pyi --analyze-annotated --nofail --quick /home/opi/data/git/current/simpleguics2pygame/SimpleGUICS2Pygame/test/test_all.py
File "/home/opi/data/git/current/simpleguics2pygame/SimpleGUICS2Pygame/test/test_all.py", line 36, in <module>: Can't find module 'simplegui'. [import-error]
File "/home/opi/data/git/current/simpleguics2pygame/SimpleGUICS2Pygame/test/test_all.py", line 61, in <module>: No attribute '_PYGAME_VERSION' on module 'SimpleGUICS2Pygame.simpleguics2pygame' [module-attr]

For more details, see https://google.github.io/pytype/errors.html.
[19/40] check Stopwatch
FAILED: /home/opi/data/git/current/simpleguics2pygame/.pytype/pyi/Stopwatch.pyi 
/usr/bin/python3 -m pytype.single --imports_info /home/opi/data/git/current/simpleguics2pygame/.pytype/imports/Stopwatch.imports --module-name Stopwatch -V 3.5 -o /home/opi/data/git/current/simpleguics2pygame/.pytype/pyi/Stopwatch.pyi --analyze-annotated --nofail --quick /home/opi/data/git/current/simpleguics2pygame/SimpleGUICS2Pygame/example/Stopwatch.py
File "/home/opi/data/git/current/simpleguics2pygame/SimpleGUICS2Pygame/example/Stopwatch.py", line 20, in <module>: Can't find module 'simplegui'. [import-error]

For more details, see https://google.github.io/pytype/errors.html#import-error.
[20/40] check Stress_Balls_results
FAILED: /home/opi/data/git/current/simpleguics2pygame/.pytype/pyi/Stress_Balls_results.pyi 
/usr/bin/python3 -m pytype.single --imports_info /home/opi/data/git/current/simpleguics2pygame/.pytype/imports/Stress_Balls_results.imports --module-name Stress_Balls_results -V 3.5 -o /home/opi/data/git/current/simpleguics2pygame/.pytype/pyi/Stress_Balls_results.pyi --analyze-annotated --nofail --quick /home/opi/data/git/current/simpleguics2pygame/SimpleGUICS2Pygame/example/Stress_Balls/Stress_Balls_results.py
File "/home/opi/data/git/current/simpleguics2pygame/SimpleGUICS2Pygame/example/Stress_Balls/Stress_Balls_results.py", line 17, in <module>: Can't find module 'codeskulptor'. [import-error]
File "/home/opi/data/git/current/simpleguics2pygame/SimpleGUICS2Pygame/example/Stress_Balls/Stress_Balls_results.py", line 18, in <module>: Can't find module 'simpleplot'. [import-error]
File "/home/opi/data/git/current/simpleguics2pygame/SimpleGUICS2Pygame/example/Stress_Balls/Stress_Balls_results.py", line 99, in main: No attribute 'keys' on int [attribute-error]
  In Union[Dict[int, int], int]
File "/home/opi/data/git/current/simpleguics2pygame/SimpleGUICS2Pygame/example/Stress_Balls/Stress_Balls_results.py", line 102, in main: No attribute 'keys' on int [attribute-error]
  In Union[Dict[int, int], int]
File "/home/opi/data/git/current/simpleguics2pygame/SimpleGUICS2Pygame/example/Stress_Balls/Stress_Balls_results.py", line 127, in main: No attribute 'keys' on Tuple[Dict[int, int], Dict[int, int]] [attribute-error]
  In Union[Dict[int, int], Tuple[Dict[int, int], Dict[int, int]]]
File "/home/opi/data/git/current/simpleguics2pygame/SimpleGUICS2Pygame/example/Stress_Balls/Stress_Balls_results.py", line 144, in main: No attribute 'get' on Tuple[Dict[int, int], Dict[int, int]] [attribute-error]
  In Union[Dict[int, int], Tuple[Dict[int, int], Dict[int, int]]]

For more details, see https://google.github.io/pytype/errors.html.
[21/40] check test_numeric
FAILED: /home/opi/data/git/current/simpleguics2pygame/.pytype/pyi/test_numeric.pyi 
/usr/bin/python3 -m pytype.single --imports_info /home/opi/data/git/current/simpleguics2pygame/.pytype/imports/test_numeric.imports --module-name test_numeric -V 3.5 -o /home/opi/data/git/current/simpleguics2pygame/.pytype/pyi/test_numeric.pyi --analyze-annotated --nofail --quick /home/opi/data/git/current/simpleguics2pygame/SimpleGUICS2Pygame/test/test_numeric.py
File "/home/opi/data/git/current/simpleguics2pygame/SimpleGUICS2Pygame/test/test_numeric.py", line 16, in <module>: Can't find module 'numeric'. [import-error]

For more details, see https://google.github.io/pytype/errors.html#import-error.
[22/40] check Nostalgic_Basic_Blitz
FAILED: /home/opi/data/git/current/simpleguics2pygame/.pytype/pyi/Nostalgic_Basic_Blitz.pyi 
/usr/bin/python3 -m pytype.single --imports_info /home/opi/data/git/current/simpleguics2pygame/.pytype/imports/Nostalgic_Basic_Blitz.imports --module-name Nostalgic_Basic_Blitz -V 3.5 -o /home/opi/data/git/current/simpleguics2pygame/.pytype/pyi/Nostalgic_Basic_Blitz.pyi --analyze-annotated --nofail --quick /home/opi/data/git/current/simpleguics2pygame/SimpleGUICS2Pygame/example/Nostalgic_Basic_Blitz.py
File "/home/opi/data/git/current/simpleguics2pygame/SimpleGUICS2Pygame/example/Nostalgic_Basic_Blitz.py", line 23, in <module>: Can't find module 'simplegui'. [import-error]
File "/home/opi/data/git/current/simpleguics2pygame/SimpleGUICS2Pygame/example/Nostalgic_Basic_Blitz.py", line 110, in update: No attribute 'pos_x' on None [attribute-error]
  In Optional[Bomb]
File "/home/opi/data/git/current/simpleguics2pygame/SimpleGUICS2Pygame/example/Nostalgic_Basic_Blitz.py", line 110, in update: No attribute 'pos_x' on None [attribute-error]
  In Optional[Any]
Called from (traceback):
  line 434, in draw
File "/home/opi/data/git/current/simpleguics2pygame/SimpleGUICS2Pygame/example/Nostalgic_Basic_Blitz.py", line 111, in update: No attribute 'pos_y' on None [attribute-error]
  In Optional[Bomb]
File "/home/opi/data/git/current/simpleguics2pygame/SimpleGUICS2Pygame/example/Nostalgic_Basic_Blitz.py", line 111, in update: No attribute 'pos_y' on None [attribute-error]
  In Optional[Any]
Called from (traceback):
  line 434, in draw

For more details, see https://google.github.io/pytype/errors.html.
[23/40] check presentation
FAILED: /home/opi/data/git/current/simpleguics2pygame/.pytype/pyi/presentation.pyi 
/usr/bin/python3 -m pytype.single --imports_info /home/opi/data/git/current/simpleguics2pygame/.pytype/imports/presentation.imports --module-name presentation -V 3.5 -o /home/opi/data/git/current/simpleguics2pygame/.pytype/pyi/presentation.pyi --analyze-annotated --nofail --quick /home/opi/data/git/current/simpleguics2pygame/SimpleGUICS2Pygame/example/presentation.py
File "/home/opi/data/git/current/simpleguics2pygame/SimpleGUICS2Pygame/example/presentation.py", line 19, in <module>: Can't find module 'simplegui'. [import-error]
File "/home/opi/data/git/current/simpleguics2pygame/SimpleGUICS2Pygame/example/presentation.py", line 99, in main: No attribute '_load_local_image' on module 'SimpleGUICS2Pygame.simpleguics2pygame' [module-attr]
File "/home/opi/data/git/current/simpleguics2pygame/SimpleGUICS2Pygame/example/presentation.py", line 102, in main: No attribute '_load_local_image' on module 'SimpleGUICS2Pygame.simpleguics2pygame' [module-attr]
File "/home/opi/data/git/current/simpleguics2pygame/SimpleGUICS2Pygame/example/presentation.py", line 104, in main: No attribute '_load_local_image' on module 'SimpleGUICS2Pygame.simpleguics2pygame' [module-attr]
File "/home/opi/data/git/current/simpleguics2pygame/SimpleGUICS2Pygame/example/presentation.py", line 155, in main: No attribute '_PYGAME_VERSION' on module 'SimpleGUICS2Pygame.simpleguics2pygame' [module-attr]
File "/home/opi/data/git/current/simpleguics2pygame/SimpleGUICS2Pygame/example/presentation.py", line 168, in <module>: No attribute '_PYGAME_AVAILABLE' on module 'SimpleGUICS2Pygame.simpleguics2pygame' [module-attr]

For more details, see https://google.github.io/pytype/errors.html.
[24/40] check test_arc
FAILED: /home/opi/data/git/current/simpleguics2pygame/.pytype/pyi/test_arc.pyi 
/usr/bin/python3 -m pytype.single --imports_info /home/opi/data/git/current/simpleguics2pygame/.pytype/imports/test_arc.imports --module-name test_arc -V 3.5 -o /home/opi/data/git/current/simpleguics2pygame/.pytype/pyi/test_arc.pyi --analyze-annotated --nofail --quick /home/opi/data/git/current/simpleguics2pygame/SimpleGUICS2Pygame/test/test_arc.py
File "/home/opi/data/git/current/simpleguics2pygame/SimpleGUICS2Pygame/test/test_arc.py", line 18, in <module>: Can't find module 'simplegui'. [import-error]

For more details, see https://google.github.io/pytype/errors.html#import-error.
[25/40] check test_simpleplot_scatter
FAILED: /home/opi/data/git/current/simpleguics2pygame/.pytype/pyi/test_simpleplot_scatter.pyi 
/usr/bin/python3 -m pytype.single --imports_info /home/opi/data/git/current/simpleguics2pygame/.pytype/imports/test_simpleplot_scatter.imports --module-name test_simpleplot_scatter -V 3.5 -o /home/opi/data/git/current/simpleguics2pygame/.pytype/pyi/test_simpleplot_scatter.pyi --analyze-annotated --nofail --quick /home/opi/data/git/current/simpleguics2pygame/SimpleGUICS2Pygame/test/test_simpleplot_scatter.py
File "/home/opi/data/git/current/simpleguics2pygame/SimpleGUICS2Pygame/test/test_simpleplot_scatter.py", line 16, in <module>: Can't find module 'codeskulptor'. [import-error]
File "/home/opi/data/git/current/simpleguics2pygame/SimpleGUICS2Pygame/test/test_simpleplot_scatter.py", line 17, in <module>: Can't find module 'simpleplot'. [import-error]

For more details, see https://google.github.io/pytype/errors.html#import-error.
[26/40] check test_circle
FAILED: /home/opi/data/git/current/simpleguics2pygame/.pytype/pyi/test_circle.pyi 
/usr/bin/python3 -m pytype.single --imports_info /home/opi/data/git/current/simpleguics2pygame/.pytype/imports/test_circle.imports --module-name test_circle -V 3.5 -o /home/opi/data/git/current/simpleguics2pygame/.pytype/pyi/test_circle.pyi --analyze-annotated --nofail --quick /home/opi/data/git/current/simpleguics2pygame/SimpleGUICS2Pygame/test/test_circle.py
File "/home/opi/data/git/current/simpleguics2pygame/SimpleGUICS2Pygame/test/test_circle.py", line 16, in <module>: Can't find module 'simplegui'. [import-error]

For more details, see https://google.github.io/pytype/errors.html#import-error.
[27/40] check Stress_Balls
FAILED: /home/opi/data/git/current/simpleguics2pygame/.pytype/pyi/Stress_Balls.pyi 
/usr/bin/python3 -m pytype.single --imports_info /home/opi/data/git/current/simpleguics2pygame/.pytype/imports/Stress_Balls.imports --module-name Stress_Balls -V 3.5 -o /home/opi/data/git/current/simpleguics2pygame/.pytype/pyi/Stress_Balls.pyi --analyze-annotated --nofail --quick /home/opi/data/git/current/simpleguics2pygame/SimpleGUICS2Pygame/example/Stress_Balls/Stress_Balls.py
File "/home/opi/data/git/current/simpleguics2pygame/SimpleGUICS2Pygame/example/Stress_Balls/Stress_Balls.py", line 23, in <module>: Can't find module 'simplegui'. [import-error]
File "/home/opi/data/git/current/simpleguics2pygame/SimpleGUICS2Pygame/example/Stress_Balls/Stress_Balls.py", line 24, in <module>: Can't find module 'simpleplot'. [import-error]
File "/home/opi/data/git/current/simpleguics2pygame/SimpleGUICS2Pygame/example/Stress_Balls/Stress_Balls.py", line 258, in dict_to_ordered_list: No attribute 'keys' on List[Tuple[nothing, nothing]] [attribute-error]
  In Union[Dict[nothing, nothing], List[Tuple[nothing, nothing]]]
Called from (traceback):
  line 279, in init
File "/home/opi/data/git/current/simpleguics2pygame/SimpleGUICS2Pygame/example/Stress_Balls/Stress_Balls.py", line 277, in init: Name 'TIMER' is not defined [name-error]

For more details, see https://google.github.io/pytype/errors.html.
[28/40] check test_input
FAILED: /home/opi/data/git/current/simpleguics2pygame/.pytype/pyi/test_input.pyi 
/usr/bin/python3 -m pytype.single --imports_info /home/opi/data/git/current/simpleguics2pygame/.pytype/imports/test_input.imports --module-name test_input -V 3.5 -o /home/opi/data/git/current/simpleguics2pygame/.pytype/pyi/test_input.pyi --analyze-annotated --nofail --quick /home/opi/data/git/current/simpleguics2pygame/SimpleGUICS2Pygame/test/test_input.py
File "/home/opi/data/git/current/simpleguics2pygame/SimpleGUICS2Pygame/test/test_input.py", line 17, in <module>: Can't find module 'simplegui'. [import-error]

For more details, see https://google.github.io/pytype/errors.html#import-error.
ninja: build stopped: cannot make progress due to previous errors.
Computing dependencies
Analyzing 64 sources with 0 local dependencies
===== mypy =====
SimpleGUICS2Pygame/example/Stress_Balls/Stress_Balls_results.py:22: error: Name 'simpleplot' already defined (possibly by an import)
SimpleGUICS2Pygame/test/test_simpleplot_scatter.py:21: error: Name 'simpleplot' already defined (possibly by an import)
SimpleGUICS2Pygame/test/test_simpleplot_lines.py:21: error: Name 'simpleplot' already defined (possibly by an import)
SimpleGUICS2Pygame/test/test_simpleplot_bars.py:21: error: Name 'simpleplot' already defined (possibly by an import)
SimpleGUICS2Pygame/test/test_numeric.py:20: error: Name 'numeric' already defined (possibly by an import)
SimpleGUICS2Pygame/simpleguics2pygame/_joypads.py:21: error: Need type annotation for '__all__'
SimpleGUICS2Pygame/simpleguics2pygame/_colors.py:25: error: Need type annotation for '__all__'
SimpleGUICS2Pygame/simpleguics2pygame/_colors.py:208: error: Need type annotation for '_PYGAMECOLORS_CACHED'
SimpleGUICS2Pygame/simpleguics2pygame/_arguments.py:21: error: Need type annotation for '__all__'
SimpleGUICS2Pygame/simpleguics2pygame/timer.py:72: error: Need type annotation for '_timers_running'
SimpleGUICS2Pygame/simpleguics2pygame/_fonts.py:21: error: Need type annotation for '__all__'
SimpleGUICS2Pygame/simpleguics2pygame/_fonts.py:49: error: Need type annotation for '__PYGAMEFONTS_CACHED'
SimpleGUICS2Pygame/simpleguics2pygame/_media.py:21: error: Need type annotation for '__all__'
SimpleGUICS2Pygame/simpleguics2pygame/_media.py:34: error: Name 'urlsplit' already defined (possibly by an import)
SimpleGUICS2Pygame/simpleguics2pygame/_media.py:35: error: Name 'urlopen' already defined (possibly by an import)
SimpleGUICS2Pygame/simpleguics2pygame/_media.py:70: error: Need type annotation for '__PYGAMEMEDIAS_CACHED'
SimpleGUICS2Pygame/simpleguics2pygame/frame.py:160: error: Need type annotation for '_save_canvas_requests'
SimpleGUICS2Pygame/example/Stress_Balls/Stress_Balls.py:28: error: Name 'simplegui' already defined (possibly by an import)
SimpleGUICS2Pygame/example/Stress_Balls/Stress_Balls.py:29: error: Name 'simpleplot' already defined (possibly by an import)
SimpleGUICS2Pygame/example/Stress_Balls/Stress_Balls.py:78: error: Need type annotation for 'RESULTS'
SimpleGUICS2Pygame/example/Stress_Balls/Stress_Balls.py:434: error: "Type[Frame]" has no attribute "_stop_timers"
SimpleGUICS2Pygame/test/test_text.py:25: error: Name 'simplegui' already defined (possibly by an import)
SimpleGUICS2Pygame/test/test_sound.py:20: error: Name 'simplegui' already defined (possibly by an import)
SimpleGUICS2Pygame/test/test_objects.py:20: error: Name 'simplegui' already defined (possibly by an import)
SimpleGUICS2Pygame/test/test_line.py:20: error: Name 'simplegui' already defined (possibly by an import)
SimpleGUICS2Pygame/test/test_input.py:21: error: Name 'simplegui' already defined (possibly by an import)
SimpleGUICS2Pygame/test/test_grid.py:20: error: Name 'simplegui' already defined (possibly by an import)
SimpleGUICS2Pygame/test/test_dir.py:26: error: Name 'simplegui' already defined (possibly by an import)
SimpleGUICS2Pygame/test/test_dir.py:27: error: Name 'codeskulptor' already defined (possibly by an import)
SimpleGUICS2Pygame/test/test_dir.py:28: error: Name 'numeric' already defined (possibly by an import)
SimpleGUICS2Pygame/test/test_dir.py:29: error: Name 'simpleplot' already defined (possibly by an import)
SimpleGUICS2Pygame/test/test_colors_html_rgba.py:24: error: Name 'simplegui' already defined (possibly by an import)
SimpleGUICS2Pygame/test/test_colors_html_hsla.py:27: error: Name 'simplegui' already defined (possibly by an import)
SimpleGUICS2Pygame/test/test_colors_html.py:24: error: Name 'simplegui' already defined (possibly by an import)
SimpleGUICS2Pygame/test/test_colors_constants.py:20: error: Name 'simplegui' already defined (possibly by an import)
SimpleGUICS2Pygame/test/test_circle.py:20: error: Name 'simplegui' already defined (possibly by an import)
SimpleGUICS2Pygame/test/test_button_label.py:21: error: Name 'simplegui' already defined (possibly by an import)
SimpleGUICS2Pygame/test/test_arc.py:22: error: Name 'simplegui' already defined (possibly by an import)
SimpleGUICS2Pygame/test/test_all.py:38: error: Name 'simplegui' already defined (possibly by an import)
SimpleGUICS2Pygame/test/test_all.py:43: error: Incompatible import of "escape" (imported name has type "Callable[[str, bool], str]", local name has type "Callable[[AnyStr, bool], AnyStr]")
SimpleGUICS2Pygame/example/stop_example.py:18: error: Name 'simplegui' already defined (possibly by an import)
SimpleGUICS2Pygame/example/presentation.py:23: error: Name 'simplegui' already defined (possibly by an import)
SimpleGUICS2Pygame/example/presentation.py:43: error: All conditional function variants must have identical signatures
SimpleGUICS2Pygame/example/Stopwatch.py:22: error: Name 'simplegui' already defined (possibly by an import)
SimpleGUICS2Pygame/example/Pong.py:26: error: Name 'simplegui' already defined (possibly by an import)
SimpleGUICS2Pygame/example/Nostalgic_Basic_Blitz.py:25: error: Name 'simplegui' already defined (possibly by an import)
SimpleGUICS2Pygame/example/Memory.py:28: error: Name 'simplegui' already defined (possibly by an import)
SimpleGUICS2Pygame/example/Mandelbrot_Set.py:31: error: Name 'simplegui' already defined (possibly by an import)
SimpleGUICS2Pygame/example/Frame_example.py:19: error: Name 'simplegui' already defined (possibly by an import)
SimpleGUICS2Pygame/example/Blackjack.py:23: error: Name 'simplegui' already defined (possibly by an import)
SimpleGUICS2Pygame/simplegui_lib_keys.py:23: error: Name 'simplegui' already defined (possibly by an import)
SimpleGUICS2Pygame/test/test_image.py:28: error: Name 'simplegui' already defined (possibly by an import)
SimpleGUICS2Pygame/example/loader.py:25: error: Name 'simplegui' already defined (possibly by an import)
SimpleGUICS2Pygame/example/keys.py:23: error: Name 'simplegui' already defined (possibly by an import)
SimpleGUICS2Pygame/example/Spaceship_prototype.py:41: error: Name 'simplegui' already defined (possibly by an import)
SimpleGUICS2Pygame/example/RiceRocks_Asteroids.py:44: error: Name 'simplegui' already defined (possibly by an import)
